<?xml version="1.0" encoding="UTF-8"?>
<testsuite name="CinemaTests" tests="1" skipped="0" failures="0" errors="0" timestamp="2021-09-16T16:37:01" hostname="Ruis-MBP.home" time="5.06">
  <properties/>
  <testcase name="start" classname="CinemaTests" time="5.06"/>
  <system-out><![CDATA[?[1;31m
Start test 1?[0m

  .   ____          _            __ _ _
 /\\ / ___'_ __ _ _(_)_ __  __ _ \ \ \ \
( ( )\___ | '_ | '_| | '_ \/ _` | \ \ \ \
 \\/  ___)| |_)| | | | | || (_| |  ) ) ) )
  '  |____| .__|_| |_|_| |_\__, | / / / /
 =========|_|==============|___/=/_/_/_/
 :: Spring Boot ::        (v2.3.1.RELEASE)

2021-09-16 17:37:02.638  INFO 70290 --- [    Test worker] cinema.Main                              : Starting Main on Ruis-MBP.home with PID 70290 (started by ruimarinho in /Users/ruimarinho/OneDrive - Instituto Superior de Engenharia do Porto/ISEP_2020_2021/LAPR4/REPO/lei20_21_s4_2na_2/eapli.base (20210331)/Cinema Room REST Service/Cinema Room REST Service/task)
2021-09-16 17:37:02.641  INFO 70290 --- [    Test worker] cinema.Main                              : No active profile set, falling back to default profiles: default
2021-09-16 17:37:04.335  INFO 70290 --- [    Test worker] o.s.b.w.embedded.tomcat.TomcatWebServer  : Tomcat initialized with port(s): 28852 (http)
2021-09-16 17:37:04.358  INFO 70290 --- [    Test worker] o.apache.catalina.core.StandardService   : Starting service [Tomcat]
2021-09-16 17:37:04.359  INFO 70290 --- [    Test worker] org.apache.catalina.core.StandardEngine  : Starting Servlet engine: [Apache Tomcat/9.0.36]
2021-09-16 17:37:04.470  INFO 70290 --- [    Test worker] o.a.c.c.C.[Tomcat].[localhost].[/]       : Initializing Spring embedded WebApplicationContext
2021-09-16 17:37:04.470  INFO 70290 --- [    Test worker] w.s.c.ServletWebServerApplicationContext : Root WebApplicationContext: initialization completed in 1746 ms
2021-09-16 17:37:04.772  INFO 70290 --- [    Test worker] o.s.s.concurrent.ThreadPoolTaskExecutor  : Initializing ExecutorService 'applicationTaskExecutor'
2021-09-16 17:37:05.059  INFO 70290 --- [    Test worker] o.s.b.a.e.web.EndpointLinksResolver      : Exposing 14 endpoint(s) beneath base path '/actuator'
2021-09-16 17:37:05.110  INFO 70290 --- [    Test worker] o.s.b.w.embedded.tomcat.TomcatWebServer  : Tomcat started on port(s): 28852 (http) with context path ''
2021-09-16 17:37:05.128  INFO 70290 --- [    Test worker] cinema.Main                              : Started Main in 3.541 seconds (JVM running for 4.449)
2021-09-16 17:37:05.615  INFO 70290 --- [io-28852-exec-1] o.a.c.c.C.[Tomcat].[localhost].[/]       : Initializing Spring DispatcherServlet 'dispatcherServlet'
2021-09-16 17:37:05.616  INFO 70290 --- [io-28852-exec-1] o.s.web.servlet.DispatcherServlet        : Initializing Servlet 'dispatcherServlet'
2021-09-16 17:37:05.625  INFO 70290 --- [io-28852-exec-1] o.s.web.servlet.DispatcherServlet        : Completed initialization in 8 ms
?[1;31m
Start test 2?[0m
?[1;31m
Start test 3?[0m
?[1;31m
Start test 4?[0m
?[1;31m
Start test 5?[0m
?[1;31m
Start test 6?[0m
?[1;31m
Start test 7?[0m
?[1;31m
Start test 8?[0m
?[1;31m
Start test 9?[0m
?[1;31m
Start test 10?[0m
?[1;31m
Start test 11?[0m
?[1;31m
Start test 12?[0m
]]></system-out>
  <system-err><![CDATA[]]></system-err>
</testsuite>
